2026-04-26 16:33:24,964 | INFO | ============================================================
2026-04-26 16:33:24,965 | INFO | 🎯 ARB FOUND: RCB v GT
2026-04-26 16:33:24,965 | INFO |    Guaranteed profit: 6.93%  =  $3.46  on $50 bank
2026-04-26 16:33:24,965 | INFO |    Sources: Bet365 + Polymarket
2026-04-26 16:33:24,965 | INFO |    → Bet $25.58 on Royal Challengers Bengaluru @ 2.10x on Bet365
2026-04-26 16:33:24,965 | INFO |       Returns $53.72 if wins
2026-04-26 16:33:24,965 | INFO |    → Bet $24.42 on Gujarat Titans @ 2.20x on Polymarket  [buy YES at $0.455]
2026-04-26 16:33:24,965 | INFO |       Returns $53.72 if wins
2026-04-26 16:33:24,965 | INFO |    ⚠️  Manual action needed — place both bets yourself
2026-04-26 16:33:24,965 | INFO | ============================================================
2026-04-26 16:33:24,965 | INFO | ============================================================
2026-04-26 16:33:24,965 | INFO | 🎯 ARB FOUND: RCB v GT
2026-04-26 16:33:24,965 | INFO |    Guaranteed profit: 5.76%  =  $2.88  on $50 bank
2026-04-26 16:33:24,965 | INFO |    Sources: 1xBet + Polymarket
2026-04-26 16:33:24,966 | INFO |    → Bet $25.88 on Royal Challengers Bengaluru @ 2.05x on 1xBet
2026-04-26 16:33:24,966 | INFO |       Returns $53.06 if wins
2026-04-26 16:33:24,966 | INFO |    → Bet $24.12 on Gujarat Titans @ 2.20x on Polymarket  [buy YES at $0.455]
2026-04-26 16:33:24,966 | INFO |       Returns $53.06 if wins
2026-04-26 16:33:24,966 | INFO |    ⚠️  Manual action needed — place both bets yourself
2026-04-26 16:33:24,966 | INFO | ============================================================
2026-04-26 16:33:24,966 | INFO | ============================================================
2026-04-26 16:33:24,966 | INFO | 🎯 ARB FOUND: RCB v GT
2026-04-26 16:33:24,966 | INFO |    Guaranteed profit: 3.60%  =  $1.80  on $50 bank
2026-04-26 16:33:24,966 | INFO |    Sources: odds_api
2026-04-26 16:33:24,966 | INFO |    → Bet $24.70 on Royal Challengers Bengaluru @ 2.10x on Bet365
2026-04-26 16:33:24,966 | INFO |       Returns $51.87 if wins
2026-04-26 16:33:24,966 | INFO |    → Bet $25.30 on Gujarat Titans @ 2.05x on Betfair
2026-04-26 16:33:24,966 | INFO |       Returns $51.87 if wins
2026-04-26 16:33:24,966 | INFO |    ⚠️  Manual action needed — place both bets yourself
2026-04-26 16:33:24,966 | INFO | ============================================================
2026-04-26 16:33:24,966 | INFO | ============================================================
2026-04-26 16:33:24,966 | INFO | 🎯 ARB FOUND: RCB v GT
2026-04-26 16:33:24,966 | INFO |    Guaranteed profit: 3.26%  =  $1.63  on $50 bank
2026-04-26 16:33:24,966 | INFO |    Sources: Betfair + Polymarket
2026-04-26 16:33:24,966 | INFO |    → Bet $26.51 on Royal Challengers Bengaluru @ 1.95x on Betfair
2026-04-26 16:33:24,966 | INFO |       Returns $51.69 if wins
2026-04-26 16:33:24,966 | INFO |    → Bet $23.49 on Gujarat Titans @ 2.20x on Polymarket  [buy YES at $0.455]
2026-04-26 16:33:24,966 | INFO |       Returns $51.69 if wins
2026-04-26 16:33:24,966 | INFO |    ⚠️  Manual action needed — place both bets yourself
2026-04-26 16:33:24,966 | INFO | ============================================================
